#
# There is insufficient memory for the Java Runtime Environment to continue.
# Native memory allocation (malloc) failed to allocate 1822736 bytes for Chunk::new
# Possible reasons:
#   The system is out of physical RAM or swap space
#   In 32 bit mode, the process size limit was hit
# Possible solutions:
#   Reduce memory load on the system
#   Increase physical memory or swap space
#   Check if swap backing store is full
#   Use 64 bit Java on a 64 bit OS
#   Decrease Java heap size (-Xmx/-Xms)
#   Decrease number of Java threads
#   Decrease Java thread stack sizes (-Xss)
#   Set larger code cache with -XX:ReservedCodeCacheSize=
# This output file may be truncated or incomplete.
#
#  Out of Memory Error (allocation.cpp:390), pid=7276, tid=0x0000000000002b64
#
# JRE version: Java(TM) SE Runtime Environment (8.0_144-b01) (build 1.8.0_144-b01)
# Java VM: Java HotSpot(TM) 64-Bit Server VM (25.144-b01 mixed mode windows-amd64 compressed oops)
# Failed to write core dump. Minidumps are not enabled by default on client versions of Windows
#

---------------  T H R E A D  ---------------

Current thread (0x000000001a597800):  JavaThread "C2 CompilerThread1" daemon [_thread_in_native, id=11108, stack(0x000000001add0000,0x000000001aed0000)]

Stack: [0x000000001add0000,0x000000001aed0000]
[error occurred during error reporting (printing stack bounds), id 0xc0000005]

Native frames: (J=compiled Java code, j=interpreted, Vv=VM code, C=native code)


Current CompileTask:
C2:   6391 5330       4       org.apache.maven.model.inheritance.DefaultInheritanceAssembler$InheritanceModelMerger::mergePluginContainer_Plugins (430 bytes)


---------------  P R O C E S S  ---------------

Java Threads: ( => current thread )
  0x000000001c093800 JavaThread "resolver-4" daemon [_thread_blocked, id=3020, stack(0x0000000023020000,0x0000000023120000)]
  0x000000001b95c000 JavaThread "resolver-3" daemon [_thread_in_vm, id=21656, stack(0x0000000022f20000,0x0000000023020000)]
  0x000000001a5b5000 JavaThread "Service Thread" daemon [_thread_blocked, id=22880, stack(0x000000001b0d0000,0x000000001b1d0000)]
  0x000000001a59f000 JavaThread "C1 CompilerThread3" daemon [_thread_blocked, id=15596, stack(0x000000001afd0000,0x000000001b0d0000)]
  0x000000001a59a800 JavaThread "C2 CompilerThread2" daemon [_thread_in_native, id=20404, stack(0x000000001aed0000,0x000000001afd0000)]
=>0x000000001a597800 JavaThread "C2 CompilerThread1" daemon [_thread_in_native, id=11108, stack(0x000000001add0000,0x000000001aed0000)]
  0x000000001a595800 JavaThread "C2 CompilerThread0" daemon [_thread_in_native, id=20540, stack(0x000000001acd0000,0x000000001add0000)]
  0x000000001a592800 JavaThread "Monitor Ctrl-Break" daemon [_thread_in_native, id=11308, stack(0x000000001abd0000,0x000000001acd0000)]
  0x000000001a55d800 JavaThread "Attach Listener" daemon [_thread_blocked, id=10208, stack(0x000000001aad0000,0x000000001abd0000)]
  0x000000001a509000 JavaThread "Signal Dispatcher" daemon [_thread_blocked, id=3120, stack(0x000000001a9d0000,0x000000001aad0000)]
  0x0000000003679000 JavaThread "Finalizer" daemon [_thread_blocked, id=11828, stack(0x000000001a8d0000,0x000000001a9d0000)]
  0x0000000003678000 JavaThread "Reference Handler" daemon [_thread_blocked, id=21932, stack(0x000000001a3d0000,0x000000001a4d0000)]
  0x0000000002f9e000 JavaThread "main" [_thread_in_vm, id=5568, stack(0x0000000003380000,0x0000000003480000)]

Other Threads:
  0x00000000185f9800 VMThread [stack: 0x000000001a2d0000,0x000000001a3d0000] [id=16636]
  0x000000001a696800 WatcherThread [stack: 0x000000001b1d0000,0x000000001b2d0000] [id=22240]

VM state:not at safepoint (normal execution)

VM Mutex/Monitor currently owned by a thread:  ([mutex/lock_event])
[0x0000000002f9c650] CodeCache_lock - owner thread: 0x0000000000000000

Heap:
 PSYoungGen      total 143872K, used 31909K [0x00000000d5f00000, 0x00000000e2f00000, 0x0000000100000000)
  eden space 132608K, 15% used [0x00000000d5f00000,0x00000000d732d2c0,0x00000000de080000)
  from space 11264K, 99% used [0x00000000de080000,0x00000000deb7c378,0x00000000deb80000)
  to   space 18944K, 0% used [0x00000000e1c80000,0x00000000e1c80000,0x00000000e2f00000)
 ParOldGen       total 66560K, used 31681K [0x0000000081c00000, 0x0000000085d00000, 0x00000000d5f00000)
  object space 66560K, 47% used [0x0000000081c00000,0x0000000083af0728,0x0000000085d00000)
 Metaspace       used 28558K, capacity 29358K, committed 29568K, reserved 1075200K
  class space    used 3276K, capacity 3444K, committed 3456K, reserved 1048576K

Card table byte_map: [0x0000000012a40000,0x0000000012e40000] byte_map_base: 0x0000000012632000

Marking Bits: (ParMarkBitMap*) 0x0000000065a4d850
 Begin Bits: [0x00000000138f0000, 0x0000000015880000)
 End Bits:   [0x0000000015880000, 0x0000000017810000)

Polling page: 0x0000000001250000

CodeCache: size=245760Kb used=16137Kb max_used=19033Kb free=229622Kb
 bounds [0x0000000003680000, 0x0000000004930000, 0x0000000012680000]
 total_blobs=5022 nmethods=4570 adapters=364
 compilation: enabled

Compilation events (10 events):
Event: 6.373 Thread 0x000000001a59a800 nmethod 5466 0x000000000389c9d0 code [0x000000000389cc60, 0x000000000389d548]
Event: 6.373 Thread 0x000000001a59f000 5471       3       org.fusesource.jansi.AnsiPrintStream::reset (43 bytes)
Event: 6.373 Thread 0x000000001a59a800 5469       4       sun.nio.cs.UTF_8$Encoder::encodeArrayLoop (489 bytes)
Event: 6.374 Thread 0x000000001a59f000 nmethod 5471 0x0000000004326e50 code [0x0000000004326fc0, 0x0000000004327318]
Event: 6.374 Thread 0x000000001a59f000 5472       3       java.lang.String::<init> (38 bytes)
Event: 6.374 Thread 0x000000001a59f000 nmethod 5472 0x0000000003d15d10 code [0x0000000003d15ea0, 0x0000000003d161e8]
Event: 6.383 Thread 0x000000001a59a800 nmethod 5469 0x0000000003995b10 code [0x0000000003995c60, 0x00000000039960d8]
Event: 6.383 Thread 0x000000001a59a800 5468   !   4       java.io.BufferedWriter::flushBuffer (53 bytes)
Event: 6.387 Thread 0x000000001a59f000 5474       3       java.lang.Integer::toString (8 bytes)
Event: 6.387 Thread 0x000000001a59f000 nmethod 5474 0x00000000039f7bd0 code [0x00000000039f7d40, 0x00000000039f7ec8]

GC Heap History (10 events):
Event: 2.746 GC heap before
{Heap before GC invocations=6 (full 0):
 PSYoungGen      total 71680K, used 71656K [0x00000000d5f00000, 0x00000000df600000, 0x0000000100000000)
  eden space 66560K, 100% used [0x00000000d5f00000,0x00000000da000000,0x00000000da000000)
  from space 5120K, 99% used [0x00000000da000000,0x00000000da4fa060,0x00000000da500000)
  to   space 10752K, 0% used [0x00000000deb80000,0x00000000deb80000,0x00000000df600000)
 ParOldGen       total 87552K, used 12352K [0x0000000081c00000, 0x0000000087180000, 0x00000000d5f00000)
  object space 87552K, 14% used [0x0000000081c00000,0x0000000082810140,0x0000000087180000)
 Metaspace       used 18178K, capacity 18606K, committed 18688K, reserved 1064960K
  class space    used 2122K, capacity 2235K, committed 2304K, reserved 1048576K
Event: 2.755 GC heap after
Heap after GC invocations=6 (full 0):
 PSYoungGen      total 143360K, used 9103K [0x00000000d5f00000, 0x00000000df700000, 0x0000000100000000)
  eden space 132608K, 0% used [0x00000000d5f00000,0x00000000d5f00000,0x00000000de080000)
  from space 10752K, 84% used [0x00000000deb80000,0x00000000df463ff8,0x00000000df600000)
  to   space 11264K, 0% used [0x00000000de080000,0x00000000de080000,0x00000000deb80000)
 ParOldGen       total 87552K, used 12360K [0x0000000081c00000, 0x0000000087180000, 0x00000000d5f00000)
  object space 87552K, 14% used [0x0000000081c00000,0x0000000082812140,0x0000000087180000)
 Metaspace       used 18178K, capacity 18606K, committed 18688K, reserved 1064960K
  class space    used 2122K, capacity 2235K, committed 2304K, reserved 1048576K
}
Event: 2.873 GC heap before
{Heap before GC invocations=7 (full 0):
 PSYoungGen      total 143360K, used 22378K [0x00000000d5f00000, 0x00000000df700000, 0x0000000100000000)
  eden space 132608K, 10% used [0x00000000d5f00000,0x00000000d6bf6810,0x00000000de080000)
  from space 10752K, 84% used [0x00000000deb80000,0x00000000df463ff8,0x00000000df600000)
  to   space 11264K, 0% used [0x00000000de080000,0x00000000de080000,0x00000000deb80000)
 ParOldGen       total 87552K, used 12360K [0x0000000081c00000, 0x0000000087180000, 0x00000000d5f00000)
  object space 87552K, 14% used [0x0000000081c00000,0x0000000082812140,0x0000000087180000)
 Metaspace       used 20752K, capacity 21166K, committed 21296K, reserved 1069056K
  class space    used 2492K, capacity 2619K, committed 2688K, reserved 1048576K
Event: 2.884 GC heap after
Heap after GC invocations=7 (full 0):
 PSYoungGen      total 143872K, used 6544K [0x00000000d5f00000, 0x00000000df700000, 0x0000000100000000)
  eden space 132608K, 0% used [0x00000000d5f00000,0x00000000d5f00000,0x00000000de080000)
  from space 11264K, 58% used [0x00000000de080000,0x00000000de6e4050,0x00000000deb80000)
  to   space 10752K, 0% used [0x00000000deb80000,0x00000000deb80000,0x00000000df600000)
 ParOldGen       total 87552K, used 14228K [0x0000000081c00000, 0x0000000087180000, 0x00000000d5f00000)
  object space 87552K, 16% used [0x0000000081c00000,0x00000000829e5210,0x0000000087180000)
 Metaspace       used 20752K, capacity 21166K, committed 21296K, reserved 1069056K
  class space    used 2492K, capacity 2619K, committed 2688K, reserved 1048576K
}
Event: 2.884 GC heap before
{Heap before GC invocations=8 (full 1):
 PSYoungGen      total 143872K, used 6544K [0x00000000d5f00000, 0x00000000df700000, 0x0000000100000000)
  eden space 132608K, 0% used [0x00000000d5f00000,0x00000000d5f00000,0x00000000de080000)
  from space 11264K, 58% used [0x00000000de080000,0x00000000de6e4050,0x00000000deb80000)
  to   space 10752K, 0% used [0x00000000deb80000,0x00000000deb80000,0x00000000df600000)
 ParOldGen       total 87552K, used 14228K [0x0000000081c00000, 0x0000000087180000, 0x00000000d5f00000)
  object space 87552K, 16% used [0x0000000081c00000,0x00000000829e5210,0x0000000087180000)
 Metaspace       used 20752K, capacity 21166K, committed 21296K, reserved 1069056K
  class space    used 2492K, capacity 2619K, committed 2688K, reserved 1048576K
Event: 2.940 GC heap after
Heap after GC invocations=8 (full 1):
 PSYoungGen      total 143872K, used 0K [0x00000000d5f00000, 0x00000000df700000, 0x0000000100000000)
  eden space 132608K, 0% used [0x00000000d5f00000,0x00000000d5f00000,0x00000000de080000)
  from space 11264K, 0% used [0x00000000de080000,0x00000000de080000,0x00000000deb80000)
  to   space 10752K, 0% used [0x00000000deb80000,0x00000000deb80000,0x00000000df600000)
 ParOldGen       total 66560K, used 15430K [0x0000000081c00000, 0x0000000085d00000, 0x00000000d5f00000)
  object space 66560K, 23% used [0x0000000081c00000,0x0000000082b11b40,0x0000000085d00000)
 Metaspace       used 20752K, capacity 21166K, committed 21296K, reserved 1069056K
  class space    used 2492K, capacity 2619K, committed 2688K, reserved 1048576K
}
Event: 4.494 GC heap before
{Heap before GC invocations=9 (full 1):
 PSYoungGen      total 143872K, used 132608K [0x00000000d5f00000, 0x00000000df700000, 0x0000000100000000)
  eden space 132608K, 100% used [0x00000000d5f00000,0x00000000de080000,0x00000000de080000)
  from space 11264K, 0% used [0x00000000de080000,0x00000000de080000,0x00000000deb80000)
  to   space 10752K, 0% used [0x00000000deb80000,0x00000000deb80000,0x00000000df600000)
 ParOldGen       total 66560K, used 15430K [0x0000000081c00000, 0x0000000085d00000, 0x00000000d5f00000)
  object space 66560K, 23% used [0x0000000081c00000,0x0000000082b11b40,0x0000000085d00000)
 Metaspace       used 24580K, capacity 25156K, committed 25344K, reserved 1071104K
  class space    used 2863K, capacity 3009K, committed 3072K, reserved 1048576K
Event: 4.508 GC heap after
Heap after GC invocations=9 (full 1):
 PSYoungGen      total 143360K, used 10726K [0x00000000d5f00000, 0x00000000df700000, 0x0000000100000000)
  eden space 132608K, 0% used [0x00000000d5f00000,0x00000000d5f00000,0x00000000de080000)
  from space 10752K, 99% used [0x00000000deb80000,0x00000000df5f9888,0x00000000df600000)
  to   space 11264K, 0% used [0x00000000de080000,0x00000000de080000,0x00000000deb80000)
 ParOldGen       total 66560K, used 21395K [0x0000000081c00000, 0x0000000085d00000, 0x00000000d5f00000)
  object space 66560K, 32% used [0x0000000081c00000,0x00000000830e4df0,0x0000000085d00000)
 Metaspace       used 24580K, capacity 25156K, committed 25344K, reserved 1071104K
  class space    used 2863K, capacity 3009K, committed 3072K, reserved 1048576K
}
Event: 6.070 GC heap before
{Heap before GC invocations=10 (full 1):
 PSYoungGen      total 143360K, used 143334K [0x00000000d5f00000, 0x00000000df700000, 0x0000000100000000)
  eden space 132608K, 100% used [0x00000000d5f00000,0x00000000de080000,0x00000000de080000)
  from space 10752K, 99% used [0x00000000deb80000,0x00000000df5f9888,0x00000000df600000)
  to   space 11264K, 0% used [0x00000000de080000,0x00000000de080000,0x00000000deb80000)
 ParOldGen       total 66560K, used 21395K [0x0000000081c00000, 0x0000000085d00000, 0x00000000d5f00000)
  object space 66560K, 32% used [0x0000000081c00000,0x00000000830e4df0,0x0000000085d00000)
 Metaspace       used 27883K, capacity 28686K, committed 29056K, reserved 1075200K
  class space    used 3204K, capacity 3348K, committed 3456K, reserved 1048576K
Event: 6.085 GC heap after
Heap after GC invocations=10 (full 1):
 PSYoungGen      total 143872K, used 11248K [0x00000000d5f00000, 0x00000000e2f00000, 0x0000000100000000)
  eden space 132608K, 0% used [0x00000000d5f00000,0x00000000d5f00000,0x00000000de080000)
  from space 11264K, 99% used [0x00000000de080000,0x00000000deb7c378,0x00000000deb80000)
  to   space 18944K, 0% used [0x00000000e1c80000,0x00000000e1c80000,0x00000000e2f00000)
 ParOldGen       total 66560K, used 31681K [0x0000000081c00000, 0x0000000085d00000, 0x00000000d5f00000)
  object space 66560K, 47% used [0x0000000081c00000,0x0000000083af0728,0x0000000085d00000)
 Metaspace       used 27883K, capacity 28686K, committed 29056K, reserved 1075200K
  class space    used 3204K, capacity 3348K, committed 3456K, reserved 1048576K
}

Deoptimization events (10 events):
Event: 5.897 Thread 0x0000000002f9e000 Uncommon trap: reason=unstable_if action=reinterpret pc=0x00000000043d9770 method=java.util.zip.ZipInputStream.read([BII)I @ 38
Event: 5.923 Thread 0x0000000002f9e000 Uncommon trap: reason=unstable_if action=reinterpret pc=0x0000000003b6c0a4 method=com.google.inject.internal.MoreTypes.canonicalize(Ljava/lang/reflect/Type;)Ljava/lang/reflect/Type; @ 16
Event: 5.923 Thread 0x0000000002f9e000 Uncommon trap: reason=class_check action=maybe_recompile pc=0x0000000003b5312c method=com.google.inject.internal.MoreTypes.getRawType(Ljava/lang/reflect/Type;)Ljava/lang/Class; @ 13
Event: 5.924 Thread 0x0000000002f9e000 Uncommon trap: reason=unstable_if action=reinterpret pc=0x0000000003b5c79c method=com.google.inject.internal.MoreTypes.canonicalize(Ljava/lang/reflect/Type;)Ljava/lang/reflect/Type; @ 16
Event: 5.924 Thread 0x0000000002f9e000 Uncommon trap: reason=class_check action=maybe_recompile pc=0x0000000003b5312c method=com.google.inject.internal.MoreTypes.getRawType(Ljava/lang/reflect/Type;)Ljava/lang/Class; @ 13
Event: 5.924 Thread 0x0000000002f9e000 Uncommon trap: reason=class_check action=maybe_recompile pc=0x0000000003b5312c method=com.google.inject.internal.MoreTypes.getRawType(Ljava/lang/reflect/Type;)Ljava/lang/Class; @ 13
Event: 5.929 Thread 0x0000000002f9e000 Uncommon trap: reason=class_check action=maybe_recompile pc=0x0000000003b5312c method=com.google.inject.internal.MoreTypes.getRawType(Ljava/lang/reflect/Type;)Ljava/lang/Class; @ 13
Event: 5.949 Thread 0x0000000002f9e000 Uncommon trap: reason=unstable_if action=reinterpret pc=0x000000000420f5b8 method=org.codehaus.plexus.classworlds.realm.Entry.matches(Ljava/lang/String;)Z @ 20
Event: 5.958 Thread 0x0000000002f9e000 Uncommon trap: reason=unstable_if action=reinterpret pc=0x00000000041f33ec method=org.codehaus.plexus.util.xml.Xpp3DomBuilder.build(Lorg/codehaus/plexus/util/xml/pull/XmlPullParser;ZLorg/codehaus/plexus/util/xml/Xpp3DomBuilder$InputLocationBuilder;)Lorg/c
Event: 6.322 Thread 0x0000000002f9e000 Uncommon trap: reason=unstable_if action=reinterpret pc=0x0000000003c41214 method=java.util.regex.Pattern$CharProperty.match(Ljava/util/regex/Matcher;ILjava/lang/CharSequence;)Z @ 40

Internal exceptions (10 events):
Event: 4.196 Thread 0x0000000002f9e000 Implicit null exception at 0x0000000003cc81a1 to 0x0000000003cc8267
Event: 4.196 Thread 0x0000000002f9e000 Exception <a 'java/lang/NullPointerException'> (0x00000000db0a87f0) thrown at [C:\re\workspace\8-2-build-windows-amd64-cygwin\jdk8u144\9417\hotspot\src\share\vm\runtime\sharedRuntime.cpp, line 605]
Event: 4.454 Thread 0x0000000002f9e000 Implicit null exception at 0x0000000003c770b1 to 0x0000000003c77bd1
Event: 4.454 Thread 0x0000000002f9e000 Implicit null exception at 0x0000000003b2435b to 0x0000000003b247d5
Event: 4.903 Thread 0x0000000002f9e000 Exception <a 'java/io/FileNotFoundException'> (0x00000000d7c95aa8) thrown at [C:\re\workspace\8-2-build-windows-amd64-cygwin\jdk8u144\9417\hotspot\src\share\vm\prims\jni.cpp, line 709]
Event: 4.904 Thread 0x0000000002f9e000 Exception <a 'java/io/FileNotFoundException'> (0x00000000d7c96d60) thrown at [C:\re\workspace\8-2-build-windows-amd64-cygwin\jdk8u144\9417\hotspot\src\share\vm\prims\jni.cpp, line 709]
Event: 5.897 Thread 0x0000000002f9e000 Implicit null exception at 0x00000000043d92bc to 0x00000000043d9761
Event: 5.933 Thread 0x0000000002f9e000 Exception <a 'java/lang/NoSuchMethodError': org.apache.maven.execution.MavenExecutionRequest.getFailureBehavior()Ljava/lang/String;> (0x00000000dc794258) thrown at [C:\re\workspace\8-2-build-windows-amd64-cygwin\jdk8u144\9417\hotspot\src\share\vm\interpre
Event: 6.310 Thread 0x0000000002f9e000 Exception <a 'sun/nio/fs/WindowsException'> (0x00000000d6d5cbf0) thrown at [C:\re\workspace\8-2-build-windows-amd64-cygwin\jdk8u144\9417\hotspot\src\share\vm\prims\jni.cpp, line 709]
Event: 6.310 Thread 0x0000000002f9e000 Exception <a 'java/lang/reflect/InvocationTargetException'> (0x00000000d6d5dbd0) thrown at [C:\re\workspace\8-2-build-windows-amd64-cygwin\jdk8u144\9417\hotspot\src\share\vm\runtime\reflection.cpp, line 1092]

Events (10 events):
Event: 6.389 Executing VM operation: RevokeBias
Event: 6.390 Executing VM operation: RevokeBias done
Event: 6.390 Executing VM operation: RevokeBias
Event: 6.390 Executing VM operation: RevokeBias done
Event: 6.390 Executing VM operation: RevokeBias
Event: 6.390 Executing VM operation: RevokeBias done
Event: 6.390 Executing VM operation: RevokeBias
Event: 6.390 Executing VM operation: RevokeBias done
Event: 6.390 Executing VM operation: RevokeBias
Event: 6.390 Executing VM operation: RevokeBias done


Dynamic libraries:
0x00007ff6e5d70000 - 0x00007ff6e5da7000 	D:\jdk1.8\bin\java.exe
0x00007ffe028c0000 - 0x00007ffe02ab0000 	C:\WINDOWS\SYSTEM32\ntdll.dll
0x00007ffe025e0000 - 0x00007ffe02692000 	C:\WINDOWS\System32\KERNEL32.DLL
0x00007ffdff9b0000 - 0x00007ffdffc55000 	C:\WINDOWS\System32\KERNELBASE.dll
0x00007ffe02770000 - 0x00007ffe02813000 	C:\WINDOWS\System32\ADVAPI32.dll
0x00007ffe02230000 - 0x00007ffe022ce000 	C:\WINDOWS\System32\msvcrt.dll
0x00007ffe026d0000 - 0x00007ffe02767000 	C:\WINDOWS\System32\sechost.dll
0x00007ffe01530000 - 0x00007ffe0164f000 	C:\WINDOWS\System32\RPCRT4.dll
0x00007ffe022d0000 - 0x00007ffe02464000 	C:\WINDOWS\System32\USER32.dll
0x00007ffe008e0000 - 0x00007ffe00901000 	C:\WINDOWS\System32\win32u.dll
0x00007ffe026a0000 - 0x00007ffe026c6000 	C:\WINDOWS\System32\GDI32.dll
0x00007ffe00480000 - 0x00007ffe00618000 	C:\WINDOWS\System32\gdi32full.dll
0x00007ffe003e0000 - 0x00007ffe0047e000 	C:\WINDOWS\System32\msvcp_win.dll
0x00007ffe006d0000 - 0x00007ffe007ca000 	C:\WINDOWS\System32\ucrtbase.dll
0x00007ffdef5f0000 - 0x00007ffdef874000 	C:\WINDOWS\WinSxS\amd64_microsoft.windows.common-controls_6595b64144ccf1df_6.0.18362.1316_none_9e7a364fe461dbd7\COMCTL32.dll
0x00007ffe00de0000 - 0x00007ffe01117000 	C:\WINDOWS\System32\combase.dll
0x00007ffe00850000 - 0x00007ffe008d1000 	C:\WINDOWS\System32\bcryptPrimitives.dll
0x00007ffe017b0000 - 0x00007ffe017de000 	C:\WINDOWS\System32\IMM32.DLL
0x0000000066a40000 - 0x0000000066b12000 	D:\jdk1.8\jre\bin\msvcr100.dll
0x0000000065230000 - 0x0000000065acd000 	D:\jdk1.8\jre\bin\server\jvm.dll
0x00007ffe01850000 - 0x00007ffe01858000 	C:\WINDOWS\System32\PSAPI.DLL
0x00007ffdf2200000 - 0x00007ffdf2224000 	C:\WINDOWS\SYSTEM32\WINMM.dll
0x00007ffdf6da0000 - 0x00007ffdf6daa000 	C:\WINDOWS\SYSTEM32\VERSION.dll
0x00007ffdf07a0000 - 0x00007ffdf07a9000 	C:\WINDOWS\SYSTEM32\WSOCK32.dll
0x00007ffe02570000 - 0x00007ffe025df000 	C:\WINDOWS\System32\WS2_32.dll
0x00007ffdf1e80000 - 0x00007ffdf1ead000 	C:\WINDOWS\SYSTEM32\WINMMBASE.dll
0x00007ffe007d0000 - 0x00007ffe0081a000 	C:\WINDOWS\System32\cfgmgr32.dll
0x00000000680a0000 - 0x00000000680af000 	D:\jdk1.8\jre\bin\verify.dll
0x0000000066a10000 - 0x0000000066a39000 	D:\jdk1.8\jre\bin\java.dll
0x00000000681e0000 - 0x0000000068203000 	D:\jdk1.8\jre\bin\instrument.dll
0x0000000068080000 - 0x0000000068096000 	D:\jdk1.8\jre\bin\zip.dll
0x00007ffe01920000 - 0x00007ffe02008000 	C:\WINDOWS\System32\SHELL32.dll
0x00007ffe01180000 - 0x00007ffe01227000 	C:\WINDOWS\System32\shcore.dll
0x00007ffdffc60000 - 0x00007ffe003db000 	C:\WINDOWS\System32\windows.storage.dll
0x00007ffdff7a0000 - 0x00007ffdff7c3000 	C:\WINDOWS\System32\profapi.dll
0x00007ffdff7f0000 - 0x00007ffdff83a000 	C:\WINDOWS\System32\powrprof.dll
0x00007ffdff770000 - 0x00007ffdff780000 	C:\WINDOWS\System32\UMPDC.dll
0x00007ffe01300000 - 0x00007ffe01352000 	C:\WINDOWS\System32\shlwapi.dll
0x00007ffdff7d0000 - 0x00007ffdff7e1000 	C:\WINDOWS\System32\kernel.appcore.dll
0x00007ffdff990000 - 0x00007ffdff9a7000 	C:\WINDOWS\System32\cryptsp.dll
0x00007ffdf8060000 - 0x00007ffdf807a000 	D:\IDEA\IntelliJ IDEA 2019\IntelliJ IDEA 2019.1\bin\breakgen64.dll
0x00000000669f0000 - 0x0000000066a0a000 	D:\jdk1.8\jre\bin\net.dll
0x00007ffdfefb0000 - 0x00007ffdff017000 	C:\WINDOWS\system32\mswsock.dll
0x00007ffdfeb30000 - 0x00007ffdfeb63000 	C:\WINDOWS\system32\rsaenh.dll
0x00007ffe00820000 - 0x00007ffe00846000 	C:\WINDOWS\System32\bcrypt.dll
0x00007ffdff690000 - 0x00007ffdff6b5000 	C:\WINDOWS\SYSTEM32\USERENV.dll
0x00007ffdff180000 - 0x00007ffdff18c000 	C:\WINDOWS\SYSTEM32\CRYPTBASE.dll
0x00007ffdfecc0000 - 0x00007ffdfecfa000 	C:\WINDOWS\SYSTEM32\IPHLPAPI.DLL
0x00007ffe02150000 - 0x00007ffe02158000 	C:\WINDOWS\System32\NSI.dll
0x00007ffdf7f00000 - 0x00007ffdf7f16000 	C:\WINDOWS\SYSTEM32\dhcpcsvc6.DLL
0x00007ffdf7ee0000 - 0x00007ffdf7efc000 	C:\WINDOWS\SYSTEM32\dhcpcsvc.DLL
0x00007ffdfed00000 - 0x00007ffdfedcb000 	C:\WINDOWS\SYSTEM32\DNSAPI.dll
0x00000000669d0000 - 0x00000000669e1000 	D:\jdk1.8\jre\bin\nio.dll
0x00007ffdfa5e0000 - 0x00007ffdfa5ea000 	C:\Users\17258\AppData\Local\Temp\jansi-1.17.1-4227296639096198963.dll
0x00007ffdfa5d0000 - 0x00007ffdfa5da000 	C:\Users\17258\AppData\Local\Temp\jansi-1.17.1-8107308507561203893.dll
0x00000000681d0000 - 0x00000000681dd000 	D:\jdk1.8\jre\bin\management.dll
0x00007ffdec190000 - 0x00007ffdec1a6000 	C:\WINDOWS\system32\napinsp.dll
0x00007ffdec170000 - 0x00007ffdec18a000 	C:\WINDOWS\system32\pnrpnsp.dll
0x00007ffdf91f0000 - 0x00007ffdf920c000 	C:\WINDOWS\system32\NLAapi.dll
0x00007ffdfb230000 - 0x00007ffdfb245000 	C:\WINDOWS\system32\wshbth.dll
0x00007ffdec160000 - 0x00007ffdec16e000 	C:\WINDOWS\System32\winrnr.dll
0x00007ffdf9210000 - 0x00007ffdf921a000 	C:\Windows\System32\rasadhlp.dll
0x00007ffdf77a0000 - 0x00007ffdf7817000 	C:\WINDOWS\System32\fwpuclnt.dll

VM Arguments:
jvm_args: -Dmaven.multiModuleProjectDirectory=C:\Users\17258\Desktop\standard -Dmaven.home=D:\web\apache-maven-3.6.1 -Dclassworlds.conf=D:\web\apache-maven-3.6.1\bin\m2.conf -javaagent:D:\IDEA\IntelliJ IDEA 2019\IntelliJ IDEA 2019.1\lib\idea_rt.jar=12542:D:\IDEA\IntelliJ IDEA 2019\IntelliJ IDEA 2019.1\bin -Dfile.encoding=UTF-8 
java_command: org.codehaus.classworlds.Launcher -Didea.version2019.1 -s D:\web\apache-maven-3.6.1\conf\settings.xml package
java_class_path (initial): D:\web\apache-maven-3.6.1\boot\plexus-classworlds-2.6.0.jar;D:\IDEA\IntelliJ IDEA 2019\IntelliJ IDEA 2019.1\lib\idea_rt.jar
Launcher Type: SUN_STANDARD

Environment Variables:
JAVA_HOME=D:\jdk1.14
CLASSPATH=.;D:\jdk1.14\lib\tools.jar;D:\jdk1.14\lib\dt.jar
PATH=D:\PyCharm\python\Scripts\;D:\PyCharm\python\;C:\Program Files (x86)\Common Files\Oracle\Java\javapath;C:\ProgramData\Oracle\Java\javapath;C:\Program Files (x86)\Intel\Intel(R) Management Engine Components\iCLS\;C:\Program Files\Intel\Intel(R) Management Engine Components\iCLS\;C:\Windows\system32;C:\Windows;C:\Windows\System32\Wbem;C:\Windows\System32\WindowsPowerShell\v1.0\;C:\Program Files (x86)\Intel\Intel(R) Management Engine Components\DAL;C:\Program Files\Intel\Intel(R) Management Engine Components\DAL;C:\Program Files (x86)\Intel\Intel(R) Management Engine Components\IPT;C:\Program Files\Intel\Intel(R) Management Engine Components\IPT;C:\Program Files (x86)\NVIDIA Corporation\PhysX\Common;C:\WINDOWS\system32;C:\WINDOWS;C:\WINDOWS\System32\Wbem;C:\WINDOWS\System32\WindowsPowerShell\v1.0\;C:\WINDOWS\System32\OpenSSH\;C:\Program Files\Intel\WiFi\bin\;C:\Program Files\Common Files\Intel\WirelessCommon\;D:\jdk1.8\bin;D:\jdk1.8\jre\bin;D:\jdk1.8\bin;D:\vs\VSCode\LLVM\bin;D:\web\apache-maven-3.6.1\bin;D:\Rose\Rose\common;D:\web\apache-maven-3.6.1\bin;D:\Centos\xshell\;D:\Android\adb;C:\Program Files\Common Files\Autodesk Shared\;C:\Program Files (x86)\Autodesk\Backburner\;C:\Program Files\NVIDIA Corporation\NVIDIA NvDLISR;D:\PyCharm\python\Scripts\;D:\PyCharm\python\;C:\Program Files\MySQL\MySQL Shell 8.0\bin\;C:\Users\17258\AppData\Local\Microsoft\WindowsApps;;D:\PyCharm\PyCharm 2019.3.3\bin;;D:\vs\VSCode\Microsoft VS Code\bin;D:\vs\Auto_VsCEnv\bin;D:\PyCharm\PyCharm 2019.3.3\bin;
USERNAME=17258
OS=Windows_NT
PROCESSOR_IDENTIFIER=Intel64 Family 6 Model 142 Stepping 10, GenuineIntel



---------------  S Y S T E M  ---------------

OS: Windows 10.0 , 64 bit Build 18362 (10.0.18362.1316)

CPU:total 8 (initial active 8) (4 cores per cpu, 2 threads per core) family 6 model 142 stepping 10, cmov, cx8, fxsr, mmx, sse, sse2, sse3, ssse3, sse4.1, sse4.2, popcnt, avx, avx2, aes, clmul, erms, 3dnowpref, lzcnt, ht, tsc, tscinvbit, bmi1, bmi2, adx

Memory: 4k page, physical 8268520k(839584k free), swap 18754276k(9272k free)

vm_info: Java HotSpot(TM) 64-Bit Server VM (25.144-b01) for windows-amd64 JRE (1.8.0_144-b01), built on Jul 21 2017 21:57:33 by "java_re" with MS VC++ 10.0 (VS2010)

time: Thu Jan 21 13:22:15 2021
elapsed time: 6 seconds (0d 0h 0m 6s)

