#
# There is insufficient memory for the Java Runtime Environment to continue.
# Native memory allocation (malloc) failed to allocate 1019216 bytes for Chunk::new
# Possible reasons:
#   The system is out of physical RAM or swap space
#   In 32 bit mode, the process size limit was hit
# Possible solutions:
#   Reduce memory load on the system
#   Increase physical memory or swap space
#   Check if swap backing store is full
#   Use 64 bit Java on a 64 bit OS
#   Decrease Java heap size (-Xmx/-Xms)
#   Decrease number of Java threads
#   Decrease Java thread stack sizes (-Xss)
#   Set larger code cache with -XX:ReservedCodeCacheSize=
# This output file may be truncated or incomplete.
#
#  Out of Memory Error (allocation.cpp:390), pid=15184, tid=0x0000000000004d34
#
# JRE version: Java(TM) SE Runtime Environment (8.0_144-b01) (build 1.8.0_144-b01)
# Java VM: Java HotSpot(TM) 64-Bit Server VM (25.144-b01 mixed mode windows-amd64 compressed oops)
# Failed to write core dump. Minidumps are not enabled by default on client versions of Windows
#

---------------  T H R E A D  ---------------

Current thread (0x000000001a113800):  JavaThread "C2 CompilerThread0" daemon [_thread_in_native, id=19764, stack(0x000000001a850000,0x000000001a950000)]

Stack: [0x000000001a850000,0x000000001a950000]
[error occurred during error reporting (printing stack bounds), id 0xc0000005]

Native frames: (J=compiled Java code, j=interpreted, Vv=VM code, C=native code)


Current CompileTask:
C2:   1941 2246   !   4       org.codehaus.plexus.interpolation.StringSearchInterpolator::interpolate (650 bytes)


---------------  P R O C E S S  ---------------

Java Threads: ( => current thread )
  0x000000001a13e000 JavaThread "Service Thread" daemon [_thread_blocked, id=18504, stack(0x000000001ac50000,0x000000001ad50000)]
  0x000000001a11e800 JavaThread "C1 CompilerThread3" daemon [_thread_blocked, id=5708, stack(0x000000001ab50000,0x000000001ac50000)]
  0x000000001a11a000 JavaThread "C2 CompilerThread2" daemon [_thread_in_native, id=5232, stack(0x000000001aa50000,0x000000001ab50000)]
  0x000000001a115000 JavaThread "C2 CompilerThread1" daemon [_thread_blocked, id=19308, stack(0x000000001a950000,0x000000001aa50000)]
=>0x000000001a113800 JavaThread "C2 CompilerThread0" daemon [_thread_in_native, id=19764, stack(0x000000001a850000,0x000000001a950000)]
  0x000000001a104000 JavaThread "Monitor Ctrl-Break" daemon [_thread_in_native, id=8328, stack(0x000000001a750000,0x000000001a850000)]
  0x000000001a0df800 JavaThread "Attach Listener" daemon [_thread_blocked, id=20984, stack(0x000000001a650000,0x000000001a750000)]
  0x000000001a0de800 JavaThread "Signal Dispatcher" daemon [_thread_blocked, id=17484, stack(0x000000001a550000,0x000000001a650000)]
  0x000000001a070800 JavaThread "Finalizer" daemon [_thread_blocked, id=20776, stack(0x000000001a450000,0x000000001a550000)]
  0x000000001817d000 JavaThread "Reference Handler" daemon [_thread_blocked, id=3852, stack(0x0000000019f50000,0x000000001a050000)]
  0x0000000002f4e000 JavaThread "main" [_thread_in_native, id=11588, stack(0x0000000002db0000,0x0000000002eb0000)]

Other Threads:
  0x0000000018179000 VMThread [stack: 0x0000000019e50000,0x0000000019f50000] [id=11520]
  0x000000001a244800 WatcherThread [stack: 0x000000001ad50000,0x000000001ae50000] [id=16400]

VM state:not at safepoint (normal execution)

VM Mutex/Monitor currently owned by a thread: None

Heap:
 PSYoungGen      total 71680K, used 22400K [0x00000000d5f00000, 0x00000000daa00000, 0x0000000100000000)
  eden space 66560K, 25% used [0x00000000d5f00000,0x00000000d6fe6170,0x00000000da000000)
  from space 5120K, 99% used [0x00000000da500000,0x00000000da9fa040,0x00000000daa00000)
  to   space 5120K, 0% used [0x00000000da000000,0x00000000da000000,0x00000000da500000)
 ParOldGen       total 87552K, used 8806K [0x0000000081c00000, 0x0000000087180000, 0x00000000d5f00000)
  object space 87552K, 10% used [0x0000000081c00000,0x0000000082499a80,0x0000000087180000)
 Metaspace       used 16462K, capacity 16874K, committed 17024K, reserved 1064960K
  class space    used 2005K, capacity 2149K, committed 2176K, reserved 1048576K

Card table byte_map: [0x00000000125c0000,0x00000000129c0000] byte_map_base: 0x00000000121b2000

Marking Bits: (ParMarkBitMap*) 0x0000000065a4d850
 Begin Bits: [0x0000000013470000, 0x0000000015400000)
 End Bits:   [0x0000000015400000, 0x0000000017390000)

Polling page: 0x00000000009f0000

CodeCache: size=245760Kb used=7906Kb max_used=7906Kb free=237853Kb
 bounds [0x0000000003200000, 0x00000000039d0000, 0x0000000012200000]
 total_blobs=2683 nmethods=2310 adapters=285
 compilation: enabled

Compilation events (10 events):
Event: 1.913 Thread 0x000000001a11e800 2316  s    3       java.io.ExpiringCache::get (39 bytes)
Event: 1.913 Thread 0x000000001a11e800 nmethod 2316 0x00000000039b5b10 code [0x00000000039b5ca0, 0x00000000039b60d8]
Event: 1.913 Thread 0x000000001a11e800 2315       3       sun.nio.fs.WindowsFileAttributes::<init> (57 bytes)
Event: 1.913 Thread 0x000000001a11e800 nmethod 2315 0x00000000039b56d0 code [0x00000000039b5820, 0x00000000039b5a10]
Event: 1.914 Thread 0x000000001a11e800 2317       3       java.util.HashMap::clear (50 bytes)
Event: 1.914 Thread 0x000000001a11e800 nmethod 2317 0x00000000039bf010 code [0x00000000039bf180, 0x00000000039bf550]
Event: 1.915 Thread 0x000000001a11e800 2318       3       sun.reflect.ConstructorAccessorImpl::<init> (5 bytes)
Event: 1.915 Thread 0x000000001a11e800 nmethod 2318 0x00000000039bf690 code [0x00000000039bf800, 0x00000000039bfa10]
Event: 1.922 Thread 0x000000001a11e800 2319       3       java.io.File::isDirectory (43 bytes)
Event: 1.922 Thread 0x000000001a11e800 nmethod 2319 0x00000000039bfad0 code [0x00000000039bfc60, 0x00000000039c00e8]

GC Heap History (8 events):
Event: 0.821 GC heap before
{Heap before GC invocations=1 (full 0):
 PSYoungGen      total 38400K, used 33280K [0x00000000d5f00000, 0x00000000d8980000, 0x0000000100000000)
  eden space 33280K, 100% used [0x00000000d5f00000,0x00000000d7f80000,0x00000000d7f80000)
  from space 5120K, 0% used [0x00000000d8480000,0x00000000d8480000,0x00000000d8980000)
  to   space 5120K, 0% used [0x00000000d7f80000,0x00000000d7f80000,0x00000000d8480000)
 ParOldGen       total 87552K, used 0K [0x0000000081c00000, 0x0000000087180000, 0x00000000d5f00000)
  object space 87552K, 0% used [0x0000000081c00000,0x0000000081c00000,0x0000000087180000)
 Metaspace       used 8824K, capacity 8968K, committed 9088K, reserved 1056768K
  class space    used 1059K, capacity 1116K, committed 1152K, reserved 1048576K
Event: 0.826 GC heap after
Heap after GC invocations=1 (full 0):
 PSYoungGen      total 38400K, used 5110K [0x00000000d5f00000, 0x00000000d8980000, 0x0000000100000000)
  eden space 33280K, 0% used [0x00000000d5f00000,0x00000000d5f00000,0x00000000d7f80000)
  from space 5120K, 99% used [0x00000000d7f80000,0x00000000d847d820,0x00000000d8480000)
  to   space 5120K, 0% used [0x00000000d8480000,0x00000000d8480000,0x00000000d8980000)
 ParOldGen       total 87552K, used 328K [0x0000000081c00000, 0x0000000087180000, 0x00000000d5f00000)
  object space 87552K, 0% used [0x0000000081c00000,0x0000000081c520d8,0x0000000087180000)
 Metaspace       used 8824K, capacity 8968K, committed 9088K, reserved 1056768K
  class space    used 1059K, capacity 1116K, committed 1152K, reserved 1048576K
}
Event: 1.065 GC heap before
{Heap before GC invocations=2 (full 0):
 PSYoungGen      total 38400K, used 38390K [0x00000000d5f00000, 0x00000000d8980000, 0x0000000100000000)
  eden space 33280K, 100% used [0x00000000d5f00000,0x00000000d7f80000,0x00000000d7f80000)
  from space 5120K, 99% used [0x00000000d7f80000,0x00000000d847d820,0x00000000d8480000)
  to   space 5120K, 0% used [0x00000000d8480000,0x00000000d8480000,0x00000000d8980000)
 ParOldGen       total 87552K, used 328K [0x0000000081c00000, 0x0000000087180000, 0x00000000d5f00000)
  object space 87552K, 0% used [0x0000000081c00000,0x0000000081c520d8,0x0000000087180000)
 Metaspace       used 11754K, capacity 12010K, committed 12288K, reserved 1060864K
  class space    used 1431K, capacity 1511K, committed 1536K, reserved 1048576K
Event: 1.070 GC heap after
Heap after GC invocations=2 (full 0):
 PSYoungGen      total 38400K, used 5092K [0x00000000d5f00000, 0x00000000daa00000, 0x0000000100000000)
  eden space 33280K, 0% used [0x00000000d5f00000,0x00000000d5f00000,0x00000000d7f80000)
  from space 5120K, 99% used [0x00000000d8480000,0x00000000d8979090,0x00000000d8980000)
  to   space 5120K, 0% used [0x00000000d7f80000,0x00000000d7f80000,0x00000000d8480000)
 ParOldGen       total 87552K, used 1749K [0x0000000081c00000, 0x0000000087180000, 0x00000000d5f00000)
  object space 87552K, 1% used [0x0000000081c00000,0x0000000081db56f8,0x0000000087180000)
 Metaspace       used 11754K, capacity 12010K, committed 12288K, reserved 1060864K
  class space    used 1431K, capacity 1511K, committed 1536K, reserved 1048576K
}
Event: 1.453 GC heap before
{Heap before GC invocations=3 (full 0):
 PSYoungGen      total 38400K, used 38372K [0x00000000d5f00000, 0x00000000daa00000, 0x0000000100000000)
  eden space 33280K, 100% used [0x00000000d5f00000,0x00000000d7f80000,0x00000000d7f80000)
  from space 5120K, 99% used [0x00000000d8480000,0x00000000d8979090,0x00000000d8980000)
  to   space 5120K, 0% used [0x00000000d7f80000,0x00000000d7f80000,0x00000000d8480000)
 ParOldGen       total 87552K, used 1749K [0x0000000081c00000, 0x0000000087180000, 0x00000000d5f00000)
  object space 87552K, 1% used [0x0000000081c00000,0x0000000081db56f8,0x0000000087180000)
 Metaspace       used 15296K, capacity 15606K, committed 15872K, reserved 1062912K
  class space    used 1882K, capacity 1971K, committed 2048K, reserved 1048576K
Event: 1.460 GC heap after
Heap after GC invocations=3 (full 0):
 PSYoungGen      total 38400K, used 5096K [0x00000000d5f00000, 0x00000000daa00000, 0x0000000100000000)
  eden space 33280K, 0% used [0x00000000d5f00000,0x00000000d5f00000,0x00000000d7f80000)
  from space 5120K, 99% used [0x00000000d7f80000,0x00000000d847a060,0x00000000d8480000)
  to   space 5120K, 0% used [0x00000000da500000,0x00000000da500000,0x00000000daa00000)
 ParOldGen       total 87552K, used 4998K [0x0000000081c00000, 0x0000000087180000, 0x00000000d5f00000)
  object space 87552K, 5% used [0x0000000081c00000,0x00000000820e1838,0x0000000087180000)
 Metaspace       used 15296K, capacity 15606K, committed 15872K, reserved 1062912K
  class space    used 1882K, capacity 1971K, committed 2048K, reserved 1048576K
}
Event: 1.724 GC heap before
{Heap before GC invocations=4 (full 0):
 PSYoungGen      total 38400K, used 38376K [0x00000000d5f00000, 0x00000000daa00000, 0x0000000100000000)
  eden space 33280K, 100% used [0x00000000d5f00000,0x00000000d7f80000,0x00000000d7f80000)
  from space 5120K, 99% used [0x00000000d7f80000,0x00000000d847a060,0x00000000d8480000)
  to   space 5120K, 0% used [0x00000000da500000,0x00000000da500000,0x00000000daa00000)
 ParOldGen       total 87552K, used 4998K [0x0000000081c00000, 0x0000000087180000, 0x00000000d5f00000)
  object space 87552K, 5% used [0x0000000081c00000,0x00000000820e1838,0x0000000087180000)
 Metaspace       used 15815K, capacity 16134K, committed 16384K, reserved 1062912K
  class space    used 1919K, capacity 2011K, committed 2048K, reserved 1048576K
Event: 1.733 GC heap after
Heap after GC invocations=4 (full 0):
 PSYoungGen      total 71680K, used 5096K [0x00000000d5f00000, 0x00000000daa00000, 0x0000000100000000)
  eden space 66560K, 0% used [0x00000000d5f00000,0x00000000d5f00000,0x00000000da000000)
  from space 5120K, 99% used [0x00000000da500000,0x00000000da9fa040,0x00000000daa00000)
  to   space 5120K, 0% used [0x00000000da000000,0x00000000da000000,0x00000000da500000)
 ParOldGen       total 87552K, used 8806K [0x0000000081c00000, 0x0000000087180000, 0x00000000d5f00000)
  object space 87552K, 10% used [0x0000000081c00000,0x0000000082499a80,0x0000000087180000)
 Metaspace       used 15815K, capacity 16134K, committed 16384K, reserved 1062912K
  class space    used 1919K, capacity 2011K, committed 2048K, reserved 1048576K
}

Deoptimization events (10 events):
Event: 1.610 Thread 0x0000000002f4e000 Uncommon trap: reason=bimorphic action=maybe_recompile pc=0x0000000003794310 method=java.util.concurrent.ConcurrentHashMap.get(Ljava/lang/Object;)Ljava/lang/Object; @ 149
Event: 1.695 Thread 0x0000000002f4e000 Uncommon trap: reason=unstable_if action=reinterpret pc=0x0000000003476d7c method=java.util.HashMap.hash(Ljava/lang/Object;)I @ 1
Event: 1.695 Thread 0x0000000002f4e000 Uncommon trap: reason=unstable_if action=reinterpret pc=0x000000000366baa8 method=java.util.HashMap.hash(Ljava/lang/Object;)I @ 1
Event: 1.713 Thread 0x0000000002f4e000 Uncommon trap: reason=unstable_if action=reinterpret pc=0x000000000389b98c method=org.codehaus.plexus.util.xml.pull.MXParser.nextImpl()I @ 972
Event: 1.789 Thread 0x0000000002f4e000 Uncommon trap: reason=class_check action=maybe_recompile pc=0x00000000038af280 method=org.apache.maven.model.interpolation.StringSearchModelInterpolator$InterpolateObjectAction$MapField.doInterpolate(Ljava/lang/Object;Lorg/apache/maven/model/interpolation
Event: 1.789 Thread 0x0000000002f4e000 Uncommon trap: reason=class_check action=maybe_recompile pc=0x00000000038af280 method=org.apache.maven.model.interpolation.StringSearchModelInterpolator$InterpolateObjectAction$MapField.doInterpolate(Ljava/lang/Object;Lorg/apache/maven/model/interpolation
Event: 1.789 Thread 0x0000000002f4e000 Uncommon trap: reason=class_check action=maybe_recompile pc=0x00000000038af280 method=org.apache.maven.model.interpolation.StringSearchModelInterpolator$InterpolateObjectAction$MapField.doInterpolate(Ljava/lang/Object;Lorg/apache/maven/model/interpolation
Event: 1.789 Thread 0x0000000002f4e000 Uncommon trap: reason=class_check action=maybe_recompile pc=0x00000000038af280 method=org.apache.maven.model.interpolation.StringSearchModelInterpolator$InterpolateObjectAction$MapField.doInterpolate(Ljava/lang/Object;Lorg/apache/maven/model/interpolation
Event: 1.810 Thread 0x0000000002f4e000 Uncommon trap: reason=predicate action=maybe_recompile pc=0x00000000034d5590 method=java.nio.charset.CharsetDecoder.decode(Ljava/nio/ByteBuffer;Ljava/nio/CharBuffer;Z)Ljava/nio/charset/CoderResult; @ 54
Event: 1.851 Thread 0x0000000002f4e000 Uncommon trap: reason=unstable_if action=reinterpret pc=0x00000000037981a4 method=sun.net.www.protocol.jar.Handler.parseURL(Ljava/net/URL;Ljava/lang/String;II)V @ 94

Internal exceptions (10 events):
Event: 0.888 Thread 0x0000000002f4e000 Exception <a 'java/lang/ArrayIndexOutOfBoundsException': 66> (0x00000000d670e658) thrown at [C:\re\workspace\8-2-build-windows-amd64-cygwin\jdk8u144\9417\hotspot\src\share\vm\interpreter\interpreterRuntime.cpp, line 366]
Event: 1.231 Thread 0x0000000002f4e000 Exception <a 'java/lang/NoClassDefFoundError': com/google/inject/servlet/ServletModuleTargetVisitor> (0x00000000d6f7b740) thrown at [C:\re\workspace\8-2-build-windows-amd64-cygwin\jdk8u144\9417\hotspot\src\share\vm\classfile\systemDictionary.cpp, line 199
Event: 1.231 Thread 0x0000000002f4e000 Exception <a 'java/lang/NoClassDefFoundError'> (0x00000000d6f7b740) thrown at [C:\re\workspace\8-2-build-windows-amd64-cygwin\jdk8u144\9417\hotspot\src\share\vm\prims\jvm.cpp, line 1394]
Event: 1.232 Thread 0x0000000002f4e000 Exception <a 'java/lang/NoClassDefFoundError': javax/annotation/Priority> (0x00000000d6f80578) thrown at [C:\re\workspace\8-2-build-windows-amd64-cygwin\jdk8u144\9417\hotspot\src\share\vm\classfile\systemDictionary.cpp, line 199]
Event: 1.287 Thread 0x0000000002f4e000 Implicit null exception at 0x0000000003401b9b to 0x0000000003401d4d
Event: 1.348 Thread 0x0000000002f4e000 Implicit null exception at 0x0000000003478b56 to 0x0000000003478ef1
Event: 1.348 Thread 0x0000000002f4e000 Implicit null exception at 0x000000000340e714 to 0x000000000340eac9
Event: 1.489 Thread 0x0000000002f4e000 Implicit null exception at 0x0000000003817495 to 0x0000000003818739
Event: 1.695 Thread 0x0000000002f4e000 Implicit null exception at 0x0000000003476b95 to 0x0000000003476d6d
Event: 1.695 Thread 0x0000000002f4e000 Implicit null exception at 0x000000000366ba2f to 0x000000000366ba99

Events (10 events):
Event: 1.894 loading class java/nio/file/attribute/BasicFileAttributeView
Event: 1.895 loading class java/nio/file/attribute/BasicFileAttributeView done
Event: 1.895 loading class sun/nio/fs/WindowsFileAttributeViews
Event: 1.895 loading class sun/nio/fs/WindowsFileAttributeViews done
Event: 1.895 loading class sun/nio/fs/WindowsFileAttributeViews$Basic
Event: 1.895 loading class sun/nio/fs/AbstractBasicFileAttributeView
Event: 1.895 loading class sun/nio/fs/DynamicFileAttributeView
Event: 1.895 loading class sun/nio/fs/DynamicFileAttributeView done
Event: 1.895 loading class sun/nio/fs/AbstractBasicFileAttributeView done
Event: 1.895 loading class sun/nio/fs/WindowsFileAttributeViews$Basic done


Dynamic libraries:
0x00007ff6e5d70000 - 0x00007ff6e5da7000 	D:\jdk1.8\bin\java.exe
0x00007ffe028c0000 - 0x00007ffe02ab0000 	C:\WINDOWS\SYSTEM32\ntdll.dll
0x00007ffe025e0000 - 0x00007ffe02692000 	C:\WINDOWS\System32\KERNEL32.DLL
0x00007ffdff9b0000 - 0x00007ffdffc55000 	C:\WINDOWS\System32\KERNELBASE.dll
0x00007ffe02770000 - 0x00007ffe02813000 	C:\WINDOWS\System32\ADVAPI32.dll
0x00007ffe02230000 - 0x00007ffe022ce000 	C:\WINDOWS\System32\msvcrt.dll
0x00007ffe026d0000 - 0x00007ffe02767000 	C:\WINDOWS\System32\sechost.dll
0x00007ffe01530000 - 0x00007ffe0164f000 	C:\WINDOWS\System32\RPCRT4.dll
0x00007ffe022d0000 - 0x00007ffe02464000 	C:\WINDOWS\System32\USER32.dll
0x00007ffe008e0000 - 0x00007ffe00901000 	C:\WINDOWS\System32\win32u.dll
0x00007ffe026a0000 - 0x00007ffe026c6000 	C:\WINDOWS\System32\GDI32.dll
0x00007ffe00480000 - 0x00007ffe00618000 	C:\WINDOWS\System32\gdi32full.dll
0x00007ffe003e0000 - 0x00007ffe0047e000 	C:\WINDOWS\System32\msvcp_win.dll
0x00007ffe006d0000 - 0x00007ffe007ca000 	C:\WINDOWS\System32\ucrtbase.dll
0x00007ffdef5f0000 - 0x00007ffdef874000 	C:\WINDOWS\WinSxS\amd64_microsoft.windows.common-controls_6595b64144ccf1df_6.0.18362.1316_none_9e7a364fe461dbd7\COMCTL32.dll
0x00007ffe00de0000 - 0x00007ffe01117000 	C:\WINDOWS\System32\combase.dll
0x00007ffe00850000 - 0x00007ffe008d1000 	C:\WINDOWS\System32\bcryptPrimitives.dll
0x00007ffe017b0000 - 0x00007ffe017de000 	C:\WINDOWS\System32\IMM32.DLL
0x0000000066a40000 - 0x0000000066b12000 	D:\jdk1.8\jre\bin\msvcr100.dll
0x0000000065230000 - 0x0000000065acd000 	D:\jdk1.8\jre\bin\server\jvm.dll
0x00007ffe01850000 - 0x00007ffe01858000 	C:\WINDOWS\System32\PSAPI.DLL
0x00007ffdf2200000 - 0x00007ffdf2224000 	C:\WINDOWS\SYSTEM32\WINMM.dll
0x00007ffdf6da0000 - 0x00007ffdf6daa000 	C:\WINDOWS\SYSTEM32\VERSION.dll
0x00007ffdf07a0000 - 0x00007ffdf07a9000 	C:\WINDOWS\SYSTEM32\WSOCK32.dll
0x00007ffe02570000 - 0x00007ffe025df000 	C:\WINDOWS\System32\WS2_32.dll
0x00007ffdf1e80000 - 0x00007ffdf1ead000 	C:\WINDOWS\SYSTEM32\winmmbase.dll
0x00007ffe007d0000 - 0x00007ffe0081a000 	C:\WINDOWS\System32\cfgmgr32.dll
0x00000000680a0000 - 0x00000000680af000 	D:\jdk1.8\jre\bin\verify.dll
0x0000000066a10000 - 0x0000000066a39000 	D:\jdk1.8\jre\bin\java.dll
0x00000000681e0000 - 0x0000000068203000 	D:\jdk1.8\jre\bin\instrument.dll
0x0000000068080000 - 0x0000000068096000 	D:\jdk1.8\jre\bin\zip.dll
0x00007ffe01920000 - 0x00007ffe02008000 	C:\WINDOWS\System32\SHELL32.dll
0x00007ffe01180000 - 0x00007ffe01227000 	C:\WINDOWS\System32\shcore.dll
0x00007ffdffc60000 - 0x00007ffe003db000 	C:\WINDOWS\System32\windows.storage.dll
0x00007ffdff7a0000 - 0x00007ffdff7c3000 	C:\WINDOWS\System32\profapi.dll
0x00007ffdff7f0000 - 0x00007ffdff83a000 	C:\WINDOWS\System32\powrprof.dll
0x00007ffdff770000 - 0x00007ffdff780000 	C:\WINDOWS\System32\UMPDC.dll
0x00007ffe01300000 - 0x00007ffe01352000 	C:\WINDOWS\System32\shlwapi.dll
0x00007ffdff7d0000 - 0x00007ffdff7e1000 	C:\WINDOWS\System32\kernel.appcore.dll
0x00007ffdff990000 - 0x00007ffdff9a7000 	C:\WINDOWS\System32\cryptsp.dll
0x00007ffdf8060000 - 0x00007ffdf807a000 	D:\IDEA\IntelliJ IDEA 2019\IntelliJ IDEA 2019.1\bin\breakgen64.dll
0x00000000669f0000 - 0x0000000066a0a000 	D:\jdk1.8\jre\bin\net.dll
0x00007ffdfefb0000 - 0x00007ffdff017000 	C:\WINDOWS\system32\mswsock.dll
0x00007ffdfeb30000 - 0x00007ffdfeb63000 	C:\WINDOWS\system32\rsaenh.dll
0x00007ffe00820000 - 0x00007ffe00846000 	C:\WINDOWS\System32\bcrypt.dll
0x00007ffdff690000 - 0x00007ffdff6b5000 	C:\WINDOWS\SYSTEM32\USERENV.dll
0x00007ffdff180000 - 0x00007ffdff18c000 	C:\WINDOWS\SYSTEM32\CRYPTBASE.dll
0x00007ffdfecc0000 - 0x00007ffdfecfa000 	C:\WINDOWS\SYSTEM32\IPHLPAPI.DLL
0x00007ffe02150000 - 0x00007ffe02158000 	C:\WINDOWS\System32\NSI.dll
0x00007ffdf7f00000 - 0x00007ffdf7f16000 	C:\WINDOWS\SYSTEM32\dhcpcsvc6.DLL
0x00007ffdf7ee0000 - 0x00007ffdf7efc000 	C:\WINDOWS\SYSTEM32\dhcpcsvc.DLL
0x00007ffdfed00000 - 0x00007ffdfedcb000 	C:\WINDOWS\SYSTEM32\DNSAPI.dll
0x00000000669d0000 - 0x00000000669e1000 	D:\jdk1.8\jre\bin\nio.dll
0x00007ffdfa5e0000 - 0x00007ffdfa5ea000 	C:\Users\17258\AppData\Local\Temp\jansi-1.17.1-6773423361641954959.dll
0x00007ffdfa5d0000 - 0x00007ffdfa5da000 	C:\Users\17258\AppData\Local\Temp\jansi-1.17.1-4665810504718133441.dll

VM Arguments:
jvm_args: -Dmaven.multiModuleProjectDirectory=C:\Users\17258\Desktop\standard -Dmaven.home=D:\web\apache-maven-3.6.1 -Dclassworlds.conf=D:\web\apache-maven-3.6.1\bin\m2.conf -javaagent:D:\IDEA\IntelliJ IDEA 2019\IntelliJ IDEA 2019.1\lib\idea_rt.jar=12398:D:\IDEA\IntelliJ IDEA 2019\IntelliJ IDEA 2019.1\bin -Dfile.encoding=UTF-8 
java_command: org.codehaus.classworlds.Launcher -Didea.version2019.1 -s D:\web\apache-maven-3.6.1\conf\settings.xml clean
java_class_path (initial): D:\web\apache-maven-3.6.1\boot\plexus-classworlds-2.6.0.jar;D:\IDEA\IntelliJ IDEA 2019\IntelliJ IDEA 2019.1\lib\idea_rt.jar
Launcher Type: SUN_STANDARD

Environment Variables:
JAVA_HOME=D:\jdk1.14
CLASSPATH=.;D:\jdk1.14\lib\tools.jar;D:\jdk1.14\lib\dt.jar
PATH=D:\PyCharm\python\Scripts\;D:\PyCharm\python\;C:\Program Files (x86)\Common Files\Oracle\Java\javapath;C:\ProgramData\Oracle\Java\javapath;C:\Program Files (x86)\Intel\Intel(R) Management Engine Components\iCLS\;C:\Program Files\Intel\Intel(R) Management Engine Components\iCLS\;C:\Windows\system32;C:\Windows;C:\Windows\System32\Wbem;C:\Windows\System32\WindowsPowerShell\v1.0\;C:\Program Files (x86)\Intel\Intel(R) Management Engine Components\DAL;C:\Program Files\Intel\Intel(R) Management Engine Components\DAL;C:\Program Files (x86)\Intel\Intel(R) Management Engine Components\IPT;C:\Program Files\Intel\Intel(R) Management Engine Components\IPT;C:\Program Files (x86)\NVIDIA Corporation\PhysX\Common;C:\WINDOWS\system32;C:\WINDOWS;C:\WINDOWS\System32\Wbem;C:\WINDOWS\System32\WindowsPowerShell\v1.0\;C:\WINDOWS\System32\OpenSSH\;C:\Program Files\Intel\WiFi\bin\;C:\Program Files\Common Files\Intel\WirelessCommon\;D:\jdk1.8\bin;D:\jdk1.8\jre\bin;D:\jdk1.8\bin;D:\vs\VSCode\LLVM\bin;D:\web\apache-maven-3.6.1\bin;D:\Rose\Rose\common;D:\web\apache-maven-3.6.1\bin;D:\Centos\xshell\;D:\Android\adb;C:\Program Files\Common Files\Autodesk Shared\;C:\Program Files (x86)\Autodesk\Backburner\;C:\Program Files\NVIDIA Corporation\NVIDIA NvDLISR;D:\PyCharm\python\Scripts\;D:\PyCharm\python\;C:\Program Files\MySQL\MySQL Shell 8.0\bin\;C:\Users\17258\AppData\Local\Microsoft\WindowsApps;;D:\PyCharm\PyCharm 2019.3.3\bin;;D:\vs\VSCode\Microsoft VS Code\bin;D:\vs\Auto_VsCEnv\bin;D:\PyCharm\PyCharm 2019.3.3\bin;
USERNAME=17258
OS=Windows_NT
PROCESSOR_IDENTIFIER=Intel64 Family 6 Model 142 Stepping 10, GenuineIntel



---------------  S Y S T E M  ---------------

OS: Windows 10.0 , 64 bit Build 18362 (10.0.18362.1316)

CPU:total 8 (initial active 8) (4 cores per cpu, 2 threads per core) family 6 model 142 stepping 10, cmov, cx8, fxsr, mmx, sse, sse2, sse3, ssse3, sse4.1, sse4.2, popcnt, avx, avx2, aes, clmul, erms, 3dnowpref, lzcnt, ht, tsc, tscinvbit, bmi1, bmi2, adx

Memory: 4k page, physical 8268520k(1138420k free), swap 18754276k(6008k free)

vm_info: Java HotSpot(TM) 64-Bit Server VM (25.144-b01) for windows-amd64 JRE (1.8.0_144-b01), built on Jul 21 2017 21:57:33 by "java_re" with MS VC++ 10.0 (VS2010)

time: Thu Jan 21 13:20:44 2021
elapsed time: 1 seconds (0d 0h 0m 1s)

